\BOOKMARK [0][-]{chapter.1}{Background}{}% 1
\BOOKMARK [1][-]{section.1.1}{Protein-Protein Interaction and Complexes}{chapter.1}% 2
\BOOKMARK [1][-]{section.1.2}{Sequence Alignment}{chapter.1}% 3
\BOOKMARK [1][-]{section.1.3}{Structural superimposition}{chapter.1}% 4
\BOOKMARK [0][-]{chapter.2}{Algorithm and Program}{}% 5
\BOOKMARK [1][-]{section.2.1}{Inputs and Outputs}{chapter.2}% 6
\BOOKMARK [2][-]{subsection.2.1.1}{Input files}{section.2.1}% 7
\BOOKMARK [2][-]{subsection.2.1.2}{Output file}{section.2.1}% 8
\BOOKMARK [1][-]{section.2.2}{Modules and Packages}{chapter.2}% 9
\BOOKMARK [2][-]{subsection.2.2.1}{Biopython}{section.2.2}% 10
\BOOKMARK [2][-]{subsection.2.2.2}{sys}{section.2.2}% 11
\BOOKMARK [2][-]{subsection.2.2.3}{os}{section.2.2}% 12
\BOOKMARK [2][-]{subsection.2.2.4}{re}{section.2.2}% 13
\BOOKMARK [2][-]{subsection.2.2.5}{argparse}{section.2.2}% 14
\BOOKMARK [2][-]{subsection.2.2.6}{subprocess}{section.2.2}% 15
\BOOKMARK [2][-]{subsection.2.2.7}{Homodimers, Heterodimers and Common Functions}{section.2.2}% 16
\BOOKMARK [1][-]{section.2.3}{Functions}{chapter.2}% 17
\BOOKMARK [2][-]{subsection.2.3.1}{get\137input}{section.2.3}% 18
\BOOKMARK [2][-]{subsection.2.3.2}{get\137name\137structure}{section.2.3}% 19
\BOOKMARK [2][-]{subsection.2.3.3}{get\137pdb\137info}{section.2.3}% 20
\BOOKMARK [2][-]{subsection.2.3.4}{common\137functions.get\137sequence}{section.2.3}% 21
\BOOKMARK [2][-]{subsection.2.3.5}{common\137functions.seq\137comparison}{section.2.3}% 22
\BOOKMARK [2][-]{subsection.2.3.6}{common\137functions.chains\137comparison}{section.2.3}% 23
\BOOKMARK [2][-]{subsection.2.3.7}{common\137functions.temp\137structure}{section.2.3}% 24
\BOOKMARK [2][-]{subsection.2.3.8}{common\137functions.clash\137indentifier}{section.2.3}% 25
\BOOKMARK [2][-]{subsection.2.3.9}{common\137functions.save\137complex}{section.2.3}% 26
\BOOKMARK [2][-]{subsection.2.3.10}{heterodimers.align\137sequences\137heterodimers}{section.2.3}% 27
\BOOKMARK [2][-]{subsection.2.3.11}{heterodimers.superimpose\137structures\137heterodimers}{section.2.3}% 28
\BOOKMARK [2][-]{subsection.2.3.12}{homodimers.get\137structure\137homodimer}{section.2.3}% 29
\BOOKMARK [2][-]{subsection.2.3.13}{homodimers.get\137structure\137homodimer\137heterodimer}{section.2.3}% 30
\BOOKMARK [1][-]{section.2.4}{Workflow}{chapter.2}% 31
\BOOKMARK [1][-]{section.2.5}{Restrictions and Limitations of the Program}{chapter.2}% 32
\BOOKMARK [0][-]{chapter.3}{How to use the program}{}% 33
\BOOKMARK [1][-]{section.3.1}{Requirements}{chapter.3}% 34
\BOOKMARK [1][-]{section.3.2}{Installing the program as a package}{chapter.3}% 35
\BOOKMARK [1][-]{section.3.3}{Options and Arguments}{chapter.3}% 36
\BOOKMARK [1][-]{section.3.4}{Logging}{chapter.3}% 37
\BOOKMARK [1][-]{section.3.5}{Running the program on the terminal}{chapter.3}% 38
\BOOKMARK [0][-]{chapter.4}{Analysis of examples}{}% 39
\BOOKMARK [1][-]{section.4.1}{Tested examples}{chapter.4}% 40
\BOOKMARK [2][-]{subsection.4.1.1}{Heterotrimer}{section.4.1}% 41
\BOOKMARK [2][-]{subsection.4.1.2}{Homodimer}{section.4.1}% 42
\BOOKMARK [2][-]{subsection.4.1.3}{Homodimer and Heterodimer mixed}{section.4.1}% 43
\BOOKMARK [0][-]{chapter.5}{Discussion of the project}{}% 44
\BOOKMARK [0][-]{chapter.6}{Conclusions}{}% 45
